<?xml version="1.0" encoding="UTF-8"?>
<!-- Generated by org.testng.reporters.JUnitReportReporter -->
<testsuite hostname="ZSCHN01LP0345" failures="0" tests="1" name="runners.UserLoginRunner" time="0.600" errors="0" timestamp="2024-02-08T16:48:35 IST" skipped="0">
  <testcase classname="runners.UserLoginRunner" name="runScenario" time="0.600"/>
  <system-out/>
</testsuite> <!-- runners.UserLoginRunner -->
