<?xml version="1.0" encoding="UTF-8"?>
<!-- Generated by org.testng.reporters.JUnitReportReporter -->
<testsuite hostname="ZSCHN01LP0345" failures="0" tests="2" name="runners.GooglePageRunner" time="16.843" errors="0" timestamp="2024-02-07T16:18:20 IST" skipped="0">
  <testcase classname="runners.GooglePageRunner" name="runScenario" time="8.813"/>
  <system-out/>
  <testcase classname="runners.GooglePageRunner" name="runScenario" time="8.030"/>
  <system-out/>
</testsuite> <!-- runners.GooglePageRunner -->
